# JRE version: OpenJDK Runtime Environment (21.0.5) (build 21.0.5+-12932927-b750.29)
# Java VM: OpenJDK 64-Bit Server VM (21.0.5+-12932927-b750.29, mixed mode, tiered, compressed oops, compressed class ptrs, g1 gc, windows-amd64)
GC Precious Log:
 CardTable entry size: 512
 Card Set container configuration: InlinePtr #cards 5 size 8 Array Of Cards #cards 12 size 40 Howl #buckets 4 coarsen threshold 1843 Howl Bitmap #cards 512 size 80 coarsen threshold 460 Card regions per heap region 1 cards per card region 2048
 CPUs: 12 total, 12 available
 Memory: 7502M
 Large Page Support: Disabled
 NUMA Support: Disabled
 Compressed Oops: Enabled (32-bit)
 Heap Region Size: 1M
 Heap Min Capacity: 8M
 Heap Initial Capacity: 118M
 Heap Max Capacity: 1876M
 Pre-touch: Disabled
 Parallel Workers: 10
 Concurrent Workers: 3
 Concurrent Refinement Workers: 10
 Periodic GC: Disabled
Heap:
 garbage-first heap   total 87040K, used 70325K [0x000000008ac00000, 0x0000000100000000)
  region size 1024K, 28 young (28672K), 4 survivors (4096K)
 Metaspace       used 49871K, committed 50176K, reserved 1114112K
  class space    used 5742K, committed 5888K, reserved 1048576K
GC Heap History (20 events):
Event: 1.284 GC heap before
{Heap before GC invocations=5 (full 0):
 garbage-first heap   total 33792K, used 26112K [0x000000008ac00000, 0x0000000100000000)
  region size 1024K, 11 young (11264K), 2 survivors (2048K)
 Metaspace       used 25872K, committed 26112K, reserved 1114112K
  class space    used 2732K, committed 2816K, reserved 1048576K
}
Event: 1.287 GC heap after
{Heap after GC invocations=6 (full 0):
 garbage-first heap   total 33792K, used 17648K [0x000000008ac00000, 0x0000000100000000)
  region size 1024K, 1 young (1024K), 1 survivors (1024K)
 Metaspace       used 25872K, committed 26112K, reserved 1114112K
  class space    used 2732K, committed 2816K, reserved 1048576K
}
Event: 1.467 GC heap before
{Heap before GC invocations=7 (full 0):
 garbage-first heap   total 33792K, used 25840K [0x000000008ac00000, 0x0000000100000000)
  region size 1024K, 10 young (10240K), 1 survivors (1024K)
 Metaspace       used 29306K, committed 29504K, reserved 1114112K
  class space    used 3615K, committed 3712K, reserved 1048576K
}
Event: 1.469 GC heap after
{Heap after GC invocations=8 (full 0):
 garbage-first heap   total 52224K, used 18031K [0x000000008ac00000, 0x0000000100000000)
  region size 1024K, 2 young (2048K), 2 survivors (2048K)
 Metaspace       used 29306K, committed 29504K, reserved 1114112K
  class space    used 3615K, committed 3712K, reserved 1048576K
}
Event: 1.765 GC heap before
{Heap before GC invocations=8 (full 0):
 garbage-first heap   total 52224K, used 39535K [0x000000008ac00000, 0x0000000100000000)
  region size 1024K, 24 young (24576K), 2 survivors (2048K)
 Metaspace       used 34142K, committed 34368K, reserved 1114112K
  class space    used 4108K, committed 4224K, reserved 1048576K
}
Event: 1.771 GC heap after
{Heap after GC invocations=9 (full 0):
 garbage-first heap   total 52224K, used 19572K [0x000000008ac00000, 0x0000000100000000)
  region size 1024K, 3 young (3072K), 3 survivors (3072K)
 Metaspace       used 34142K, committed 34368K, reserved 1114112K
  class space    used 4108K, committed 4224K, reserved 1048576K
}
Event: 2.111 GC heap before
{Heap before GC invocations=9 (full 0):
 garbage-first heap   total 52224K, used 41076K [0x000000008ac00000, 0x0000000100000000)
  region size 1024K, 25 young (25600K), 3 survivors (3072K)
 Metaspace       used 40397K, committed 40640K, reserved 1114112K
  class space    used 4725K, committed 4864K, reserved 1048576K
}
Event: 2.116 GC heap after
{Heap after GC invocations=10 (full 0):
 garbage-first heap   total 52224K, used 20609K [0x000000008ac00000, 0x0000000100000000)
  region size 1024K, 3 young (3072K), 3 survivors (3072K)
 Metaspace       used 40397K, committed 40640K, reserved 1114112K
  class space    used 4725K, committed 4864K, reserved 1048576K
}
Event: 2.369 GC heap before
{Heap before GC invocations=10 (full 0):
 garbage-first heap   total 52224K, used 33921K [0x000000008ac00000, 0x0000000100000000)
  region size 1024K, 18 young (18432K), 3 survivors (3072K)
 Metaspace       used 43386K, committed 43648K, reserved 1114112K
  class space    used 5058K, committed 5184K, reserved 1048576K
}
Event: 2.375 GC heap after
{Heap after GC invocations=11 (full 0):
 garbage-first heap   total 52224K, used 21883K [0x000000008ac00000, 0x0000000100000000)
  region size 1024K, 3 young (3072K), 3 survivors (3072K)
 Metaspace       used 43386K, committed 43648K, reserved 1114112K
  class space    used 5058K, committed 5184K, reserved 1048576K
}
Event: 2.690 GC heap before
{Heap before GC invocations=12 (full 0):
 garbage-first heap   total 52224K, used 43387K [0x000000008ac00000, 0x0000000100000000)
  region size 1024K, 25 young (25600K), 3 survivors (3072K)
 Metaspace       used 45030K, committed 45312K, reserved 1114112K
  class space    used 5224K, committed 5376K, reserved 1048576K
}
Event: 2.701 GC heap after
{Heap after GC invocations=13 (full 0):
 garbage-first heap   total 64512K, used 27492K [0x000000008ac00000, 0x0000000100000000)
  region size 1024K, 4 young (4096K), 4 survivors (4096K)
 Metaspace       used 45030K, committed 45312K, reserved 1114112K
  class space    used 5224K, committed 5376K, reserved 1048576K
}
Event: 3.050 GC heap before
{Heap before GC invocations=13 (full 0):
 garbage-first heap   total 64512K, used 52068K [0x000000008ac00000, 0x0000000100000000)
  region size 1024K, 29 young (29696K), 4 survivors (4096K)
 Metaspace       used 48434K, committed 48704K, reserved 1114112K
  class space    used 5601K, committed 5760K, reserved 1048576K
}
Event: 3.062 GC heap after
{Heap after GC invocations=14 (full 0):
 garbage-first heap   total 64512K, used 32256K [0x000000008ac00000, 0x0000000100000000)
  region size 1024K, 4 young (4096K), 4 survivors (4096K)
 Metaspace       used 48434K, committed 48704K, reserved 1114112K
  class space    used 5601K, committed 5760K, reserved 1048576K
}
Event: 3.272 GC heap before
{Heap before GC invocations=14 (full 0):
 garbage-first heap   total 64512K, used 51712K [0x000000008ac00000, 0x0000000100000000)
  region size 1024K, 24 young (24576K), 4 survivors (4096K)
 Metaspace       used 49276K, committed 49536K, reserved 1114112K
  class space    used 5689K, committed 5824K, reserved 1048576K
}
Event: 3.282 GC heap after
{Heap after GC invocations=15 (full 0):
 garbage-first heap   total 64512K, used 37339K [0x000000008ac00000, 0x0000000100000000)
  region size 1024K, 3 young (3072K), 3 survivors (3072K)
 Metaspace       used 49276K, committed 49536K, reserved 1114112K
  class space    used 5689K, committed 5824K, reserved 1048576K
}
Event: 3.308 GC heap before
{Heap before GC invocations=15 (full 0):
 garbage-first heap   total 64512K, used 41435K [0x000000008ac00000, 0x0000000100000000)
  region size 1024K, 8 young (8192K), 3 survivors (3072K)
 Metaspace       used 49395K, committed 49664K, reserved 1114112K
  class space    used 5703K, committed 5824K, reserved 1048576K
}
Event: 3.314 GC heap after
{Heap after GC invocations=16 (full 0):
 garbage-first heap   total 64512K, used 39167K [0x000000008ac00000, 0x0000000100000000)
  region size 1024K, 2 young (2048K), 2 survivors (2048K)
 Metaspace       used 49395K, committed 49664K, reserved 1114112K
  class space    used 5703K, committed 5824K, reserved 1048576K
}
Event: 3.356 GC heap before
{Heap before GC invocations=17 (full 0):
 garbage-first heap   total 68608K, used 55551K [0x000000008ac00000, 0x0000000100000000)
  region size 1024K, 17 young (17408K), 2 survivors (2048K)
 Metaspace       used 49400K, committed 49664K, reserved 1114112K
  class space    used 5703K, committed 5824K, reserved 1048576K
}
Event: 3.362 GC heap after
{Heap after GC invocations=18 (full 0):
 garbage-first heap   total 87040K, used 45749K [0x000000008ac00000, 0x0000000100000000)
  region size 1024K, 3 young (3072K), 3 survivors (3072K)
 Metaspace       used 49400K, committed 49664K, reserved 1114112K
  class space    used 5703K, committed 5824K, reserved 1048576K
}

